coinc_event_id	simulation_id	far	snr	searched_area	searched_prob	offset	runtime
coinc_event:coinc_event_id:1022203	sim_inspiral:simulation_id:24612	9.11069936486e-14	14.7400200215	711.248908464	0.937633734328	9.58073009924	835.032325983
coinc_event:coinc_event_id:1051502	sim_inspiral:simulation_id:32604	9.11069936486e-14	12.3382220319	895.85416852	0.788207768773	93.9858067515	934.234278917
coinc_event:coinc_event_id:1065078	sim_inspiral:simulation_id:4199	9.11069936486e-14	20.5576403734	12.6156326046	0.0509253335731	6.90002990359	944.591926098
coinc_event:coinc_event_id:1065681	sim_inspiral:simulation_id:4718	9.11069936486e-14	12.7653961031	12.3795812669	0.0471112402302	6.7825648893	1013.84851503
coinc_event:coinc_event_id:1066263	sim_inspiral:simulation_id:5212	9.11069936486e-14	12.1928989316	367.899123793	0.685692223338	24.1439762415	724.857544899
coinc_event:coinc_event_id:288172	sim_inspiral:simulation_id:43323	6.78649642652e-14	12.9545903845	184.474120425	0.541188692292	152.055785027	1730.41798615
coinc_event:coinc_event_id:288830	sim_inspiral:simulation_id:43688	6.78649642652e-14	21.0463151793	60.7012571917	0.794457848535	2.40086212793	1651.6062851
coinc_event:coinc_event_id:302383	sim_inspiral:simulation_id:7569	9.11069936486e-14	20.0785156841	1497.2474072	0.99742718008	14.0110937669	935.950764894
coinc_event:coinc_event_id:303684	sim_inspiral:simulation_id:7800	9.11069936486e-14	23.3677439704	28.7195794221	0.267686937827	14.9172566292	995.340050936
coinc_event:coinc_event_id:1027955	sim_inspiral:simulation_id:26141	5.17695487734e-16	28.4618001047	1.6351472873	0.433942034331	0.741256827087	1914.39825988
coinc_event:coinc_event_id:1036367	sim_inspiral:simulation_id:28478	5.17695487734e-16	21.8315476519	0.231133601513	0.0755357671005	0.296776775197	2558.36197782
coinc_event:coinc_event_id:1031117	sim_inspiral:simulation_id:27007	5.17695487734e-16	13.3690378455	1.09665517314	0.0589764730321	0.582530651559	2405.17921209
coinc_event:coinc_event_id:317140	sim_inspiral:simulation_id:10168	9.11069936486e-14	19.0811340253	38.4501401212	0.185247638343	13.4927113878	1027.33891106
coinc_event:coinc_event_id:314183	sim_inspiral:simulation_id:9632	9.11069936486e-14	24.0154569595	274.848997862	0.827838621183	38.4534263373	948.074603796
coinc_event:coinc_event_id:316923	sim_inspiral:simulation_id:10134	5.17695487734e-16	52.2337274442	0.763068734074	0.652179568657	0.451112496331	2714.28642893
coinc_event:coinc_event_id:362446	sim_inspiral:simulation_id:18115	9.11069936486e-14	15.3036761225	1274.34937458	0.963147201792	137.863138533	978.918337107
coinc_event:coinc_event_id:345145	sim_inspiral:simulation_id:15084	5.17695487734e-16	22.5793249826	5.75047286602	0.888644431958	1.62741600522	1409.15723681
coinc_event:coinc_event_id:359907	sim_inspiral:simulation_id:17680	5.17695487734e-16	13.8639961844	7.39545562572	0.351069634651	1.69599011982	2414.36763692
coinc_event:coinc_event_id:386135	sim_inspiral:simulation_id:22330	9.11069936486e-14	17.8947143026	38.6730774957	0.163604916321	6.37577912991	665.463288069
coinc_event:coinc_event_id:373260	sim_inspiral:simulation_id:20030	9.11069936486e-14	20.727722768	252.971628743	0.789310507358	23.0516334288	987.158097982
coinc_event:coinc_event_id:337192	sim_inspiral:simulation_id:13679	5.17695487734e-16	19.5848532689	8.48637343996	0.922927001637	2.23616038022	2315.52231002
coinc_event:coinc_event_id:459770	sim_inspiral:simulation_id:1243	9.11069936486e-14	15.6741179187	146.941957728	0.482779707927	7.5337779269	1004.08789301
coinc_event:coinc_event_id:463715	sim_inspiral:simulation_id:3423	9.11069936486e-14	13.0856934086	261.177691219	0.593903633831	77.9524755427	716.198453188
coinc_event:coinc_event_id:465658	sim_inspiral:simulation_id:4463	9.11069936486e-14	12.794177105	430.846147184	0.635407995531	33.1149558883	1064.15632582
coinc_event:coinc_event_id:450465	sim_inspiral:simulation_id:33716	9.11069936486e-14	17.0585735265	152.125251685	0.70459897286	4.06838357606	1303.38812208
coinc_event:coinc_event_id:468530	sim_inspiral:simulation_id:6060	9.11069936486e-14	20.3731069632	675.906777622	0.904561259305	55.3931708458	926.882553101
coinc_event:coinc_event_id:469497	sim_inspiral:simulation_id:6583	9.11069936486e-14	17.5396099897	74.1070060795	0.191602065282	170.725631747	678.089020014
coinc_event:coinc_event_id:469650	sim_inspiral:simulation_id:6668	9.11069936486e-14	16.181612401	10.7665637925	0.0579760385954	5.89374069021	1011.84014297
coinc_event:coinc_event_id:493048	sim_inspiral:simulation_id:47846	6.78649642652e-14	13.7721092567	166.04900212	0.925232737343	2.77982221572	1525.31349921
coinc_event:coinc_event_id:501703	sim_inspiral:simulation_id:8441	9.11069936486e-14	15.1093947416	8.43227834173	0.0342789097303	1.91420301146	1027.9144671
coinc_event:coinc_event_id:498200	sim_inspiral:simulation_id:7702	5.17695487734e-16	15.7903854382	6.99302087983	0.194677662046	0.867161830497	1675.45591688
coinc_event:coinc_event_id:511690	sim_inspiral:simulation_id:10536	9.31344333325e-16	12.399326266	12.1828718188	0.0958089065389	6.21512174932	1738.92118216
coinc_event:coinc_event_id:515902	sim_inspiral:simulation_id:11417	9.11069936486e-14	17.9939365292	524.007741802	0.842777348883	133.785539219	923.069185019
coinc_event:coinc_event_id:503473	sim_inspiral:simulation_id:8817	9.11069936486e-14	25.6680177876	169.858608431	0.79587353501	23.4319065712	736.238965988
coinc_event:coinc_event_id:389478	sim_inspiral:simulation_id:22908	5.17695487734e-16	41.8670592509	1.11796536335	0.382544664986	0.635504433551	1561.949224
coinc_event:coinc_event_id:517497	sim_inspiral:simulation_id:11749	5.17695487734e-16	12.8877943779	97.4498605869	0.288752434208	11.3194108429	1705.57907104
coinc_event:coinc_event_id:444479	sim_inspiral:simulation_id:32685	9.11069936486e-14	72.9344115682	154.239878252	0.968608506162	9.38739431987	926.464479923
coinc_event:coinc_event_id:518038	sim_inspiral:simulation_id:11868	9.11069936486e-14	13.8823248625	181.234971513	0.524038610434	11.3712436114	1012.02232885
coinc_event:coinc_event_id:519792	sim_inspiral:simulation_id:12238	9.11069936486e-14	15.2035527537	306.814283178	0.624808658526	78.9263772372	686.91379118
coinc_event:coinc_event_id:522890	sim_inspiral:simulation_id:12885	9.11069936486e-14	13.2885450191	454.267685471	0.537936829711	15.7596532715	928.259225845
coinc_event:coinc_event_id:521547	sim_inspiral:simulation_id:12596	9.11069936486e-14	16.6095451152	97.6596839982	0.434563060346	11.0138235718	1027.86552405
coinc_event:coinc_event_id:522253	sim_inspiral:simulation_id:12749	9.11069936486e-14	14.0881614168	3.84239121948	0.0148280990506	1.78099791006	695.794634104
coinc_event:coinc_event_id:523314	sim_inspiral:simulation_id:12974	9.11069936486e-14	16.1405729828	117.763389594	0.305219483042	175.726119753	915.095326185
coinc_event:coinc_event_id:527365	sim_inspiral:simulation_id:13805	9.11069936486e-14	15.7080584451	340.35980106	0.768654195768	51.102187787	707.461032152
coinc_event:coinc_event_id:530272	sim_inspiral:simulation_id:14434	9.11069936486e-14	12.3876727125	562.956212525	0.596418892979	5.27539209415	906.824203014
coinc_event:coinc_event_id:528825	sim_inspiral:simulation_id:14121	9.11069936486e-14	12.2046122209	948.100197935	0.922140282986	52.905376699	736.908574104
coinc_event:coinc_event_id:529406	sim_inspiral:simulation_id:14245	9.11069936486e-14	12.3032662674	91.863312261	0.229775217571	4.11317348369	997.168642998
coinc_event:coinc_event_id:531143	sim_inspiral:simulation_id:14620	9.11069936486e-14	14.3484046376	343.533380155	0.579425113734	158.280015029	911.060508013
coinc_event:coinc_event_id:542213	sim_inspiral:simulation_id:16887	9.11069936486e-14	15.5976043876	327.704826565	0.773607554399	30.8091235322	1012.31856418
coinc_event:coinc_event_id:539233	sim_inspiral:simulation_id:16275	9.11069936486e-14	15.6285844069	57.7997928323	0.468403831605	7.83893885144	870.256697893
coinc_event:coinc_event_id:543915	sim_inspiral:simulation_id:17241	9.11069936486e-14	12.6429164061	38.0436072618	0.149044594291	4.45552336771	1090.35128212
coinc_event:coinc_event_id:550744	sim_inspiral:simulation_id:18665	9.11069936486e-14	12.6997768275	638.63689419	0.748033082492	18.2275628467	680.174919844
coinc_event:coinc_event_id:554816	sim_inspiral:simulation_id:19526	9.11069936486e-14	17.8941091367	307.417525485	0.84127681549	25.220158738	1053.05235982
coinc_event:coinc_event_id:556895	sim_inspiral:simulation_id:19965	9.11069936486e-14	13.2968610284	226.884677434	0.598614637491	4.24168074707	1032.229913
coinc_event:coinc_event_id:557056	sim_inspiral:simulation_id:19999	9.11069936486e-14	13.3314908722	110.694963425	0.254686120335	17.7399776901	967.394255161
coinc_event:coinc_event_id:561293	sim_inspiral:simulation_id:20866	9.11069936486e-14	12.3514121822	24.7985044233	0.0650524656085	9.7785924899	566.428442955
coinc_event:coinc_event_id:563661	sim_inspiral:simulation_id:21359	9.11069936486e-14	19.6903597344	462.949129113	0.869558113429	147.755843897	945.112411022
coinc_event:coinc_event_id:516254	sim_inspiral:simulation_id:11483	5.17695487734e-16	14.852309393	2.19576921438	0.307338598825	1.02727802293	2331.90015817
coinc_event:coinc_event_id:564513	sim_inspiral:simulation_id:21528	9.11069936486e-14	14.4576285275	8.27491078325	0.0507994181462	4.14896511713	1141.121593
coinc_event:coinc_event_id:536625	sim_inspiral:simulation_id:15740	5.17695487734e-16	22.1403028506	29.4572398524	0.933454303281	6.05966568248	1784.30135894
coinc_event:coinc_event_id:568013	sim_inspiral:simulation_id:22251	9.11069936486e-14	12.0185494224	302.77518251	0.621424357487	24.6612220862	779.370585918
coinc_event:coinc_event_id:542834	sim_inspiral:simulation_id:17018	5.17695487734e-16	13.6934068732	4.25466143778	0.456941373948	1.59362246714	1660.18492293
coinc_event:coinc_event_id:571722	sim_inspiral:simulation_id:23025	9.11069936486e-14	12.8845216022	256.31241087	0.510654283298	68.628573888	1014.24715281
coinc_event:coinc_event_id:576081	sim_inspiral:simulation_id:23941	9.11069936486e-14	15.3567186517	315.705550231	0.628711414203	44.3298815394	985.743143082
coinc_event:coinc_event_id:577859	sim_inspiral:simulation_id:24312	9.11069936486e-14	24.7675879257	107.055838636	0.692499559729	23.8275073217	766.172421217
coinc_event:coinc_event_id:588750	sim_inspiral:simulation_id:26563	9.11069936486e-14	24.0793722094	176.422147016	0.678815109633	170.271617729	942.750085115
coinc_event:coinc_event_id:588762	sim_inspiral:simulation_id:26565	9.11069936486e-14	12.1126692327	142.824173281	0.292180397726	9.76767830019	966.66408515
coinc_event:coinc_event_id:596094	sim_inspiral:simulation_id:28074	9.11069936486e-14	14.4885284981	52.7574739794	0.123219066974	169.612163827	671.264819145
coinc_event:coinc_event_id:567872	sim_inspiral:simulation_id:22217	5.17695487734e-16	25.8358049271	0.457349466824	0.0732390923367	0.203641377234	2543.71660113
coinc_event:coinc_event_id:596648	sim_inspiral:simulation_id:28191	9.11069936486e-14	17.0170401362	411.463709565	0.757683300882	66.7617352212	949.189651966
coinc_event:coinc_event_id:597027	sim_inspiral:simulation_id:28266	9.11069936486e-14	15.2663735329	41.9515682974	0.196915546425	4.7313987633	1082.15941691
coinc_event:coinc_event_id:567047	sim_inspiral:simulation_id:22053	5.17695487734e-16	21.1522784915	28.4146797775	0.956986934327	5.80774629382	2556.91466403
coinc_event:coinc_event_id:599060	sim_inspiral:simulation_id:28703	9.11069936486e-14	14.9523869849	1655.1788661	0.985304432028	18.2963873587	988.706977129
coinc_event:coinc_event_id:602999	sim_inspiral:simulation_id:29535	6.78649642652e-14	14.8932423792	24.4444274168	0.0987019430104	6.632358407	1753.07990313
coinc_event:coinc_event_id:608589	sim_inspiral:simulation_id:30703	9.11069936486e-14	12.1972428933	499.484630606	0.675991601331	35.4924404002	528.856155157
coinc_event:coinc_event_id:609386	sim_inspiral:simulation_id:30873	9.11069936486e-14	12.9989031742	28.1163371146	0.117328025113	8.01769013071	1086.42101693
coinc_event:coinc_event_id:611099	sim_inspiral:simulation_id:31228	9.11069936486e-14	16.8892677936	21.9003185547	0.144401862264	10.7111097413	673.875036955
coinc_event:coinc_event_id:569374	sim_inspiral:simulation_id:22534	8.62149086762e-15	12.4612593316	4694.61687166	0.999999820999	38.1042597668	2183.83150005
coinc_event:coinc_event_id:618507	sim_inspiral:simulation_id:32779	5.17695487734e-16	15.7310062532	16.8809491375	0.364140390328	1.97611179161	2455.982651
coinc_event:coinc_event_id:622522	sim_inspiral:simulation_id:33635	9.11069936486e-14	20.1319163859	45.2562870254	0.283758208912	2.46506077625	1013.13680792
coinc_event:coinc_event_id:623032	sim_inspiral:simulation_id:33742	9.11069936486e-14	13.6507884435	225.415913555	0.53657986691	7.9841391654	1087.34413099
coinc_event:coinc_event_id:607450	sim_inspiral:simulation_id:30472	5.17695487734e-16	36.0914710862	0.00737660430361	0.00535338470945	0.0390799241472	2623.01026106
coinc_event:coinc_event_id:623525	sim_inspiral:simulation_id:33848	9.11069936486e-14	12.2014111619	212.83962284	0.381100682098	9.68418847729	970.546716928
coinc_event:coinc_event_id:630582	sim_inspiral:simulation_id:1135	9.11069936486e-14	13.076759506	605.970011842	0.643724203848	86.3894356882	911.613484144
coinc_event:coinc_event_id:610602	sim_inspiral:simulation_id:31124	5.17695487734e-16	43.8511401826	0.226215865311	0.0719108627236	0.599129277485	2753.32245684
coinc_event:coinc_event_id:633669	sim_inspiral:simulation_id:3070	9.11069936486e-14	21.2017712203	526.342027253	0.915338559091	141.330133617	643.193500042
coinc_event:coinc_event_id:638080	sim_inspiral:simulation_id:5865	9.11069936486e-14	13.3743102272	206.190843495	0.572675317129	4.87192594137	1011.92718697
coinc_event:coinc_event_id:638898	sim_inspiral:simulation_id:6421	9.11069936486e-14	12.6494747926	164.514668425	0.3985582645	17.1477558613	985.915687084
coinc_event:coinc_event_id:612854	sim_inspiral:simulation_id:31601	5.17695487734e-16	15.6178748006	0.479479279735	0.0490452397498	0.370056908767	2466.85257792
coinc_event:coinc_event_id:637410	sim_inspiral:simulation_id:5439	9.11069936486e-14	19.0981684823	181.474301341	0.750202333333	30.8758106495	563.236887932
coinc_event:coinc_event_id:644826	sim_inspiral:simulation_id:38121	1.3763957721e-13	14.4846610019	39.6664602086	0.557870355497	4.42186312925	1974.70408893
coinc_event:coinc_event_id:647238	sim_inspiral:simulation_id:39607	1.3763957721e-13	16.3042384072	118.133859054	0.598325123034	142.163097214	2239.74849796
coinc_event:coinc_event_id:651826	sim_inspiral:simulation_id:42544	6.78649642652e-14	18.9893572285	225.399521101	0.858367108172	11.8834538263	2487.80442095
coinc_event:coinc_event_id:653497	sim_inspiral:simulation_id:43774	6.78649642652e-14	19.3096277428	40.9385146397	0.396237968471	6.13313836262	2455.65696812
coinc_event:coinc_event_id:655803	sim_inspiral:simulation_id:45345	6.78649642652e-14	12.2322577471	65.4649043265	0.12282554251	7.11887341722	2407.186306
coinc_event:coinc_event_id:653633	sim_inspiral:simulation_id:43857	6.78649642652e-14	38.9327780345	6.940565027	0.233670239846	2.10519777768	2461.51178098
coinc_event:coinc_event_id:655080	sim_inspiral:simulation_id:44858	6.78649642652e-14	16.4857341296	24.1493632446	0.228967358798	7.17671606061	2353.58722091
coinc_event:coinc_event_id:662892	sim_inspiral:simulation_id:7447	9.11069936486e-14	13.979717812	190.899962396	0.361936966361	115.7326079	917.781484842
coinc_event:coinc_event_id:663426	sim_inspiral:simulation_id:7579	9.11069936486e-14	15.5628506227	77.8313716301	0.330175728715	18.3089795106	1056.23256898
coinc_event:coinc_event_id:663500	sim_inspiral:simulation_id:7599	9.11069936486e-14	12.7544809536	712.075088146	0.703986999311	64.8020670286	912.011323929
coinc_event:coinc_event_id:666595	sim_inspiral:simulation_id:8312	9.11069936486e-14	17.1832172612	45.0202356877	0.233042946867	15.2792656772	973.080265999
coinc_event:coinc_event_id:666645	sim_inspiral:simulation_id:8323	9.11069936486e-14	15.833129116	226.189637384	0.544589125187	155.700389279	633.581997871
coinc_event:coinc_event_id:623340	sim_inspiral:simulation_id:33805	5.17695487734e-16	18.0501220821	6.45370914296	0.571280281169	1.86124299394	1460.063236
coinc_event:coinc_event_id:669642	sim_inspiral:simulation_id:8996	9.11069936486e-14	16.1979638841	194.480074351	0.659224408311	4.00280214872	759.047427893
coinc_event:coinc_event_id:669742	sim_inspiral:simulation_id:9017	9.11069936486e-14	15.1984652795	113.055476803	0.41466861872	27.6801547886	1025.85763907
coinc_event:coinc_event_id:670630	sim_inspiral:simulation_id:9219	9.11069936486e-14	19.163169485	126.680884574	0.497369337925	59.7773441301	1043.44619703
coinc_event:coinc_event_id:675838	sim_inspiral:simulation_id:10393	9.11069936486e-14	15.5227766677	371.203842521	0.633630087021	28.0474763713	923.844490051
coinc_event:coinc_event_id:677300	sim_inspiral:simulation_id:10732	9.11069936486e-14	12.3827217685	616.238245033	0.728400521074	10.0619306804	945.947109938
coinc_event:coinc_event_id:677637	sim_inspiral:simulation_id:10807	9.11069936486e-14	15.0535099403	108.636071202	0.207552140115	160.716728908	650.971811056
coinc_event:coinc_event_id:678971	sim_inspiral:simulation_id:11108	9.11069936486e-14	13.1128111532	100.439844198	0.300159900502	5.76795576964	955.385887861
coinc_event:coinc_event_id:679162	sim_inspiral:simulation_id:11149	9.11069936486e-14	16.1645186152	421.168042338	0.874562630304	12.9364284536	1000.16570401
coinc_event:coinc_event_id:681374	sim_inspiral:simulation_id:11656	9.11069936486e-14	24.5940493797	385.052187667	0.871148187753	114.043296035	948.854604959
coinc_event:coinc_event_id:682043	sim_inspiral:simulation_id:11804	9.11069936486e-14	13.9841322124	725.044797757	0.754039503117	3.97671809758	668.353891134
coinc_event:coinc_event_id:683517	sim_inspiral:simulation_id:12146	9.11069936486e-14	21.1817387036	66.8287564999	0.514673134363	9.43915013091	986.771285057
coinc_event:coinc_event_id:684072	sim_inspiral:simulation_id:12270	9.11069936486e-14	19.608983519	352.398419283	0.79100844909	3.96491565178	945.997523785
coinc_event:coinc_event_id:686377	sim_inspiral:simulation_id:12776	9.11069936486e-14	15.4517330708	118.078124711	0.429293442241	7.37847899794	748.508347988
coinc_event:coinc_event_id:674852	sim_inspiral:simulation_id:10165	5.17695487734e-16	113.241186416	19.5357070641	1.0000000003	4.04999831492	2773.28714585
coinc_event:coinc_event_id:694948	sim_inspiral:simulation_id:14716	9.11069936486e-14	12.9128655091	44.7448424603	0.187267695474	11.976162498	1033.67237711
coinc_event:coinc_event_id:673140	sim_inspiral:simulation_id:9780	5.17695487734e-16	22.7623033133	10.828035495	0.954442546162	1.65106228989	2586.21867895
coinc_event:coinc_event_id:697741	sim_inspiral:simulation_id:15372	9.11069936486e-14	15.1849665708	136.752408317	0.330725455264	161.563346243	934.437653065
coinc_event:coinc_event_id:700110	sim_inspiral:simulation_id:15917	9.11069936486e-14	12.2727583347	524.401160699	0.592695763342	136.503943997	1025.01404285
coinc_event:coinc_event_id:698158	sim_inspiral:simulation_id:15473	9.11069936486e-14	17.8876110136	82.8802474646	0.274842864714	170.594449338	994.416339159
coinc_event:coinc_event_id:670462	sim_inspiral:simulation_id:9183	1.48118431213e-15	12.5118472117	10.7370573753	0.679388457465	1.89872468382	2318.302845
coinc_event:coinc_event_id:687478	sim_inspiral:simulation_id:13026	9.11069936486e-14	27.6294572587	140.706268223	0.843147418282	27.063770296	829.611001015
coinc_event:coinc_event_id:704598	sim_inspiral:simulation_id:16922	9.11069936486e-14	19.6532214223	90.6305997196	0.411719295484	7.23421937497	1013.86379409
coinc_event:coinc_event_id:707788	sim_inspiral:simulation_id:17648	9.11069936486e-14	14.5337537983	189.877073266	0.466695655428	36.1820283156	962.950721979
coinc_event:coinc_event_id:710471	sim_inspiral:simulation_id:18255	9.11069936486e-14	16.6835458159	36.1551965601	0.160421698376	18.2163647936	1047.43801713
coinc_event:coinc_event_id:711826	sim_inspiral:simulation_id:18562	9.11069936486e-14	12.2085568052	25.4017467308	0.0687700617345	0.955868971363	945.058392048
coinc_event:coinc_event_id:713495	sim_inspiral:simulation_id:18936	9.11069936486e-14	15.1673894305	171.294587402	0.439151056515	166.582861424	913.814507008
coinc_event:coinc_event_id:717202	sim_inspiral:simulation_id:19794	9.11069936486e-14	14.5981328513	940.467871349	0.887323754549	112.402330736	914.356224775
coinc_event:coinc_event_id:718612	sim_inspiral:simulation_id:20130	9.11069936486e-14	16.180645847	247.748992896	0.624474361237	61.9772674404	1030.71122098
coinc_event:coinc_event_id:718837	sim_inspiral:simulation_id:20179	9.11069936486e-14	19.5550628126	152.777671355	0.654467443874	35.2022883279	1054.61278987
coinc_event:coinc_event_id:719648	sim_inspiral:simulation_id:20365	9.11069936486e-14	12.7293500874	148.738570687	0.331199793023	154.624817344	955.74712491
coinc_event:coinc_event_id:715300	sim_inspiral:simulation_id:19364	5.17695487734e-16	14.1674812952	165.767051911	0.688946085854	135.153363849	2511.55119801
coinc_event:coinc_event_id:722313	sim_inspiral:simulation_id:20951	9.11069936486e-14	15.2342699474	658.202927294	0.859993721976	21.3782621923	955.268728971
coinc_event:coinc_event_id:712195	sim_inspiral:simulation_id:18637	5.17695487734e-16	32.2906965274	14.9433610737	0.556859557757	3.66633215463	2654.17627501
coinc_event:coinc_event_id:700679	sim_inspiral:simulation_id:16047	5.17695487734e-16	21.5129045943	13.8221172196	0.993721803647	2.18883652434	2047.60226583
coinc_event:coinc_event_id:724472	sim_inspiral:simulation_id:21455	9.11069936486e-14	17.7288114066	65.1370552463	0.186854270094	4.35364149873	938.894536972
coinc_event:coinc_event_id:727601	sim_inspiral:simulation_id:22164	9.11069936486e-14	12.3580252717	657.783280471	0.743460720715	148.504977629	963.307225943
coinc_event:coinc_event_id:729652	sim_inspiral:simulation_id:22626	9.11069936486e-14	13.3704455481	173.156770178	0.334745528788	23.215339231	949.456445932
coinc_event:coinc_event_id:730133	sim_inspiral:simulation_id:22730	9.11069936486e-14	18.0407860924	312.781136436	0.720059116323	112.226658081	957.972540855
coinc_event:coinc_event_id:745746	sim_inspiral:simulation_id:26306	9.11069936486e-14	24.2785478454	2.35067790475	0.0219227187426	5.48342338064	572.277673006
coinc_event:coinc_event_id:722897	sim_inspiral:simulation_id:21098	5.17695487734e-16	23.0655789921	51.0321681951	0.772879345803	38.5923418925	2589.660285
coinc_event:coinc_event_id:721290	sim_inspiral:simulation_id:20721	5.17695487734e-16	20.3603815501	6.96843219881	0.299478822166	1.14002146539	2510.29725194
coinc_event:coinc_event_id:749466	sim_inspiral:simulation_id:27166	9.11069936486e-14	12.0233446462	425.993980797	0.579421853659	39.6977460887	696.650177002
coinc_event:coinc_event_id:754279	sim_inspiral:simulation_id:28277	9.11069936486e-14	12.2186474673	411.988268093	0.481753550412	73.5163109411	725.566102028
coinc_event:coinc_event_id:750243	sim_inspiral:simulation_id:27364	9.11069936486e-14	20.1311091229	339.572963267	0.705601096888	29.667102456	617.118685961
coinc_event:coinc_event_id:751851	sim_inspiral:simulation_id:27729	9.11069936486e-14	15.8318761024	29.480189288	0.0811208658488	12.9745463886	967.545899868
coinc_event:coinc_event_id:754550	sim_inspiral:simulation_id:28333	9.11069936486e-14	13.5695594381	293.424926744	0.681047337401	10.9380329014	1127.84858513
coinc_event:coinc_event_id:755340	sim_inspiral:simulation_id:28518	9.11069936486e-14	18.1180348825	538.747836446	0.805908120332	111.001112395	945.768344164
coinc_event:coinc_event_id:756853	sim_inspiral:simulation_id:28866	9.11069936486e-14	17.6200723285	107.547612256	0.503499905233	24.4324273606	660.210524082
coinc_event:coinc_event_id:758121	sim_inspiral:simulation_id:29158	9.11069936486e-14	29.9629465542	42.2958098315	0.461273529061	25.5026241457	973.028028011
coinc_event:coinc_event_id:760828	sim_inspiral:simulation_id:29797	9.11069936486e-14	15.4498002186	328.871969291	0.773632539236	18.3975797247	1055.0236609
coinc_event:coinc_event_id:762114	sim_inspiral:simulation_id:30093	9.11069936486e-14	12.668848294	102.223343194	0.261274764107	16.3332592126	1026.04920912
coinc_event:coinc_event_id:764189	sim_inspiral:simulation_id:30555	9.11069936486e-14	18.4664577391	44.535019049	0.269274961138	11.6526721268	1073.12569189
coinc_event:coinc_event_id:727980	sim_inspiral:simulation_id:22256	5.17695487734e-16	17.9136544149	0.677827973232	0.207596537744	0.397064341368	2158.01428318
coinc_event:coinc_event_id:755265	sim_inspiral:simulation_id:28500	4.8462049824e-15	12.1865002206	15.3080931754	0.772460647746	2.80417133366	2132.63536787
coinc_event:coinc_event_id:770669	sim_inspiral:simulation_id:32040	9.11069936486e-14	12.5301859765	85.2014189521	0.216472159744	21.154308028	925.970129967
coinc_event:coinc_event_id:780324	sim_inspiral:simulation_id:34208	9.11069936486e-14	12.3761066197	1734.97733221	0.943201111416	56.6853543394	1068.53769398
coinc_event:coinc_event_id:780521	sim_inspiral:simulation_id:34248	9.11069936486e-14	13.8961893996	322.655950731	0.465516156157	144.452984198	911.78977704
coinc_event:coinc_event_id:760158	sim_inspiral:simulation_id:29637	5.17695487734e-16	23.0998276255	31.4620369776	0.82516937141	2.03657362315	2563.87833905
coinc_event:coinc_event_id:782903	sim_inspiral:simulation_id:34805	9.11069936486e-14	12.7801517186	1473.47179191	0.952602889089	150.624656959	968.276659966
coinc_event:coinc_event_id:784159	sim_inspiral:simulation_id:439	9.11069936486e-14	12.0123023422	653.337646944	0.611202691849	78.1885868722	932.959367037
coinc_event:coinc_event_id:783865	sim_inspiral:simulation_id:239	9.11069936486e-14	15.0915938806	592.816706746	0.700546904931	90.807714366	942.172451973
coinc_event:coinc_event_id:784219	sim_inspiral:simulation_id:477	9.11069936486e-14	12.5429762434	1.84906881211	0.00446679206652	1.97421715014	813.519140005
coinc_event:coinc_event_id:784432	sim_inspiral:simulation_id:628	9.11069936486e-14	13.2587576695	995.035072251	0.876117172351	146.023120897	969.741865873
coinc_event:coinc_event_id:785360	sim_inspiral:simulation_id:1279	9.11069936486e-14	12.3310298118	245.178656107	0.388409287712	27.2128385017	946.397258043
coinc_event:coinc_event_id:765629	sim_inspiral:simulation_id:30880	5.17695487734e-16	33.3004944101	1.60646049279	0.255130567813	0.789547567263	1950.54899192
coinc_event:coinc_event_id:786423	sim_inspiral:simulation_id:2002	9.11069936486e-14	18.4402397413	445.992774687	0.754774769137	63.4180081831	945.04689002
coinc_event:coinc_event_id:786784	sim_inspiral:simulation_id:2230	9.11069936486e-14	12.5003408198	634.807616933	0.852947514179	30.2494017146	1070.44675207
coinc_event:coinc_event_id:787794	sim_inspiral:simulation_id:2918	9.11069936486e-14	14.2984738152	510.552815553	0.733115094199	24.0502941215	949.450155973
coinc_event:coinc_event_id:788633	sim_inspiral:simulation_id:3492	9.11069936486e-14	13.0288117447	34.3979254905	0.0838203833391	9.71460192796	1019.04414916
coinc_event:coinc_event_id:784506	sim_inspiral:simulation_id:674	9.11069936486e-14	21.6394142942	137.821196318	0.645771141764	84.7064872417	1017.43480206
coinc_event:coinc_event_id:788778	sim_inspiral:simulation_id:3589	9.11069936486e-14	13.0987682288	166.980093507	0.374424044867	12.7639699615	960.11965394
coinc_event:coinc_event_id:789233	sim_inspiral:simulation_id:3883	9.11069936486e-14	12.4920752728	182.1660629	0.437710045253	25.1249310091	753.040595055
coinc_event:coinc_event_id:789841	sim_inspiral:simulation_id:4286	9.11069936486e-14	18.0400986679	58.3702502318	0.157864855322	72.8680075518	611.587536812
coinc_event:coinc_event_id:790258	sim_inspiral:simulation_id:4597	9.11069936486e-14	12.7167087441	0.380304932986	0.00173777056261	0.402631906919	1080.18647003
coinc_event:coinc_event_id:770598	sim_inspiral:simulation_id:32025	5.17695487734e-16	13.5075823819	4.4997286252	0.425933057275	1.047885421	2266.25368595
coinc_event:coinc_event_id:791175	sim_inspiral:simulation_id:5213	9.11069936486e-14	12.3943555722	95.2729426947	0.337585666599	8.5382845472	934.44845295
coinc_event:coinc_event_id:792478	sim_inspiral:simulation_id:6084	9.11069936486e-14	18.7861278101	350.077247796	0.863213614884	2.85715042808	1055.21582699
coinc_event:coinc_event_id:789064	sim_inspiral:simulation_id:3782	9.11069936486e-14	19.0913859737	188.785335829	0.792831762656	84.3109593051	1039.0559411
coinc_event:coinc_event_id:793140	sim_inspiral:simulation_id:6536	9.11069936486e-14	17.1803684425	55.0655315038	0.158686623749	75.1520817996	944.607009172
coinc_event:coinc_event_id:798202	sim_inspiral:simulation_id:37956	1.3763957721e-13	16.6465850323	209.875867156	0.662598406281	17.6264560913	2392.67341208
coinc_event:coinc_event_id:790138	sim_inspiral:simulation_id:4513	9.11069936486e-14	21.00801528	5.81604268205	0.0756664490145	1.91787197156	545.619768143
coinc_event:coinc_event_id:799969	sim_inspiral:simulation_id:39167	1.3763957721e-13	14.7441044631	17.1792918004	0.0946725238755	1.33085605184	2320.2122159
coinc_event:coinc_event_id:818710	sim_inspiral:simulation_id:8192	9.11069936486e-14	12.3458132549	649.193634571	0.625047758767	66.8311058414	944.014234066
coinc_event:coinc_event_id:816092	sim_inspiral:simulation_id:7564	9.11069936486e-14	19.9160195652	399.516889084	0.87889603506	75.5292803926	1043.66280508
coinc_event:coinc_event_id:820102	sim_inspiral:simulation_id:8518	9.11069936486e-14	12.8557988001	449.507316827	0.649357834134	3.10345520189	549.272675991
coinc_event:coinc_event_id:793790	sim_inspiral:simulation_id:6967	9.11069936486e-14	26.3276996857	24.4181994904	0.336838021612	11.6598978787	563.441037893
coinc_event:coinc_event_id:821759	sim_inspiral:simulation_id:8914	9.11069936486e-14	13.4300613972	460.837781037	0.616826732674	28.5392336334	977.918996096
coinc_event:coinc_event_id:823809	sim_inspiral:simulation_id:9417	9.11069936486e-14	16.5475999826	143.401187662	0.571777177338	13.8073078237	842.655591011
coinc_event:coinc_event_id:804536	sim_inspiral:simulation_id:42287	6.78649642652e-14	13.8051372996	228.687847375	0.634211944854	22.5126025046	1511.39524198
coinc_event:coinc_event_id:832240	sim_inspiral:simulation_id:11435	9.11069936486e-14	20.9111034341	121.081222285	0.49466428953	58.9470792022	969.965939999
coinc_event:coinc_event_id:834850	sim_inspiral:simulation_id:12078	9.11069936486e-14	12.8950725269	2111.62346946	0.987149685916	159.265612597	995.342967987
coinc_event:coinc_event_id:833111	sim_inspiral:simulation_id:11639	9.11069936486e-14	29.8716085666	57.6489822554	0.478817709809	20.0929137408	975.582931042
coinc_event:coinc_event_id:836366	sim_inspiral:simulation_id:12448	9.11069936486e-14	17.1510320059	14.4384734903	0.105559554881	6.53401065695	962.094856977
coinc_event:coinc_event_id:842377	sim_inspiral:simulation_id:13875	5.17695487734e-16	13.7945339736	7.74051678259	0.10117182232	3.53313546436	2397.85781384
coinc_event:coinc_event_id:844314	sim_inspiral:simulation_id:14342	9.11069936486e-14	12.9433816984	716.087960887	0.9072033829	16.7478533342	1095.28471994
coinc_event:coinc_event_id:844868	sim_inspiral:simulation_id:14471	9.11069936486e-14	12.7355684594	316.571071803	0.463629193975	25.0526989424	968.893600941
coinc_event:coinc_event_id:842939	sim_inspiral:simulation_id:14010	9.11069936486e-14	20.6998597914	92.5321243845	0.589443475379	7.90705416441	1013.5006299
coinc_event:coinc_event_id:846824	sim_inspiral:simulation_id:14940	9.11069936486e-14	14.2039598014	238.188913718	0.668162566872	2.64408227334	1038.3406601
coinc_event:coinc_event_id:822783	sim_inspiral:simulation_id:9161	5.17695487734e-16	29.6520297692	1.12206347685	0.270512063988	1.32954840943	2402.44065905
coinc_event:coinc_event_id:854809	sim_inspiral:simulation_id:16833	9.11069936486e-14	12.2072747666	142.90285706	0.408468511638	6.43162741248	1005.89725804
coinc_event:coinc_event_id:851317	sim_inspiral:simulation_id:16005	9.11069936486e-14	19.3478358728	98.3547240482	0.534160124997	14.9642041954	1097.70980287
coinc_event:coinc_event_id:856199	sim_inspiral:simulation_id:17163	9.11069936486e-14	20.1573960681	1724.10585671	0.999477644613	9.93614040151	723.105644941
coinc_event:coinc_event_id:858305	sim_inspiral:simulation_id:17658	9.11069936486e-14	16.7943017598	79.7328962951	0.19857316241	123.433851908	938.69037199
coinc_event:coinc_event_id:825031	sim_inspiral:simulation_id:9711	5.17695487734e-16	16.5493515261	3.33340552253	0.567080125787	0.885564455582	1469.30055285
coinc_event:coinc_event_id:860933	sim_inspiral:simulation_id:18286	9.11069936486e-14	16.7640778872	149.827029633	0.424054408888	8.16451152082	984.28527689
coinc_event:coinc_event_id:862855	sim_inspiral:simulation_id:18756	9.11069936486e-14	19.4166210013	16.707189125	0.0948016593175	0.559439388017	1009.2629931
coinc_event:coinc_event_id:866970	sim_inspiral:simulation_id:19729	9.11069936486e-14	13.1241266786	283.196035443	0.492668823636	12.5470702663	929.553514004
coinc_event:coinc_event_id:870471	sim_inspiral:simulation_id:20575	9.11069936486e-14	12.5725723667	23.76250133	0.0778623138249	5.63330146011	945.55373621
coinc_event:coinc_event_id:873440	sim_inspiral:simulation_id:21303	9.11069936486e-14	14.1875760138	74.4217411965	0.29839892187	5.00385412191	1004.53556585
coinc_event:coinc_event_id:875165	sim_inspiral:simulation_id:21711	9.11069936486e-14	12.0504972756	6.50452575039	0.0246113693502	3.00807552959	1156.65274811
coinc_event:coinc_event_id:882953	sim_inspiral:simulation_id:23574	6.78649642652e-14	12.2898296637	13930.5041255	0.986085158384	116.328815609	2372.59650016
coinc_event:coinc_event_id:889269	sim_inspiral:simulation_id:25093	9.11069936486e-14	18.17575119	61.8454504815	0.275761271867	13.4617869298	953.889634132
coinc_event:coinc_event_id:892164	sim_inspiral:simulation_id:25782	9.11069936486e-14	17.2313730191	995.625200595	0.990067978633	38.5266446794	1092.09999108
coinc_event:coinc_event_id:897993	sim_inspiral:simulation_id:27198	9.11069936486e-14	13.6958394701	139.008009988	0.330681353313	4.82995509915	676.769721031
coinc_event:coinc_event_id:904171	sim_inspiral:simulation_id:28675	9.11069936486e-14	12.477668242	429.534750863	0.72841128336	55.512044084	710.353192091
coinc_event:coinc_event_id:904376	sim_inspiral:simulation_id:28731	9.11069936486e-14	13.9968917736	20.5626943077	0.0579421564798	7.64448245335	979.672205925
coinc_event:coinc_event_id:896113	sim_inspiral:simulation_id:26737	9.11069936486e-14	14.7247070602	30.1817863196	0.242550364434	4.36340795825	1088.84112191
coinc_event:coinc_event_id:904727	sim_inspiral:simulation_id:28828	9.11069936486e-14	18.2205396864	205.456461555	0.696897055223	6.8212151894	995.026393175
coinc_event:coinc_event_id:920459	sim_inspiral:simulation_id:32676	9.11069936486e-14	13.0848536727	56.9932840951	0.200741726789	12.7174114699	957.254297018
coinc_event:coinc_event_id:923662	sim_inspiral:simulation_id:33450	9.11069936486e-14	14.2202231445	917.269270437	0.909601326301	85.7058688659	700.405719042
coinc_event:coinc_event_id:924981	sim_inspiral:simulation_id:33779	9.11069936486e-14	12.2543090975	410.25722495	0.545476625399	20.217081353	928.110870123
coinc_event:coinc_event_id:849470	sim_inspiral:simulation_id:15571	5.17695487734e-16	20.8318991977	11.6255283825	0.862039905718	1.59818399834	1829.91455579
coinc_event:coinc_event_id:927457	sim_inspiral:simulation_id:34378	9.11069936486e-14	13.0648314823	10.0977516689	0.0386110831932	3.71864124391	540.047953844
coinc_event:coinc_event_id:927563	sim_inspiral:simulation_id:34401	9.11069936486e-14	15.3470118118	30.4899644549	0.142858753941	5.70389323603	811.001656055
coinc_event:coinc_event_id:929850	sim_inspiral:simulation_id:35	9.11069936486e-14	16.0177269194	343.113733333	0.609505106484	42.1866996146	961.257330179
coinc_event:coinc_event_id:930975	sim_inspiral:simulation_id:866	9.11069936486e-14	14.3359458765	391.346890006	0.585334830444	86.5308122273	949.316506147
coinc_event:coinc_event_id:932462	sim_inspiral:simulation_id:1914	9.11069936486e-14	13.9580260412	505.517053681	0.701754051599	136.003670768	915.48444891
coinc_event:coinc_event_id:930672	sim_inspiral:simulation_id:638	9.11069936486e-14	33.3292559552	31.2571313025	0.367576328252	5.87297993637	979.834491014
coinc_event:coinc_event_id:932664	sim_inspiral:simulation_id:2055	9.11069936486e-14	13.2198178552	3.89484707231	0.0271321640757	1.1901779916	1245.42179585
coinc_event:coinc_event_id:932993	sim_inspiral:simulation_id:2298	9.11069936486e-14	12.0924813094	87.4045647708	0.194539362541	1.67004175888	929.56111598
coinc_event:coinc_event_id:933874	sim_inspiral:simulation_id:2936	9.11069936486e-14	15.1563299467	251.48647241	0.569064296986	44.327657155	1047.700207
coinc_event:coinc_event_id:937033	sim_inspiral:simulation_id:5244	9.11069936486e-14	12.1694881374	1471.07193664	0.982838999739	35.4239940052	778.288371086
coinc_event:coinc_event_id:879636	sim_inspiral:simulation_id:22769	5.17695487734e-16	20.8981282365	15.7744584919	0.95282112589	2.53048276736	2484.98500109
coinc_event:coinc_event_id:937256	sim_inspiral:simulation_id:5394	9.11069936486e-14	16.0770945639	66.5402493094	0.270940289181	7.38478049534	1033.41211295
coinc_event:coinc_event_id:935093	sim_inspiral:simulation_id:3839	9.11069936486e-14	20.2720325853	269.639475978	0.847963799599	33.0191169491	1090.00010085
coinc_event:coinc_event_id:937423	sim_inspiral:simulation_id:5507	9.11069936486e-14	12.1280721304	684.430853707	0.765098462315	34.2974398436	950.233749151
coinc_event:coinc_event_id:938672	sim_inspiral:simulation_id:6382	9.11069936486e-14	17.4391598401	1716.42107427	0.984957568033	17.462631091	1236.92016006
coinc_event:coinc_event_id:924956	sim_inspiral:simulation_id:33774	5.17695487734e-16	28.5462908232	19.5611153678	0.878791692277	5.0748104798	2638.86124015
coinc_event:coinc_event_id:939340	sim_inspiral:simulation_id:6873	9.11069936486e-14	14.6466816214	70.3564126025	0.654291291412	6.24679056318	823.659964085
coinc_event:coinc_event_id:940945	sim_inspiral:simulation_id:35928	1.3763957721e-13	19.227193045	27.6540699115	0.158301171873	1.26960409574	2409.52069998
coinc_event:coinc_event_id:942101	sim_inspiral:simulation_id:36765	1.3763957721e-13	17.9677725638	40.4008421482	0.371118036777	16.2277066305	2452.23670912
coinc_event:coinc_event_id:945237	sim_inspiral:simulation_id:39061	1.3763957721e-13	12.2717920456	7.13399598429	0.110375268036	6.30279641318	1869.06828499
coinc_event:coinc_event_id:952129	sim_inspiral:simulation_id:44399	6.78649642652e-14	17.0007772128	44.2104484597	0.666641671989	23.7430704422	2219.62200212
coinc_event:coinc_event_id:983950	sim_inspiral:simulation_id:14226	9.11069936486e-14	12.1337931071	8.34048059929	0.0249235800147	6.82924401822	965.192333937
coinc_event:coinc_event_id:993299	sim_inspiral:simulation_id:16737	9.11069936486e-14	12.3944915698	138.247400122	0.422676028393	18.7709574694	753.823295832
coinc_event:coinc_event_id:937036	sim_inspiral:simulation_id:5246	9.11069936486e-14	43.4535294572	7.73641866909	0.329012868837	6.46023651307	694.830337048
coinc_event:coinc_event_id:974457	sim_inspiral:simulation_id:11602	5.17695487734e-16	16.1521040579	0.645043065216	0.157563209126	0.565617035664	1655.51628304
