coinc_event_id	simulation_id	far	snr	searched_area	searched_prob	offset	runtime
coinc_event:coinc_event_id:10206	sim_inspiral:simulation_id:1281	3.77232633462e-14	12.2912778506	124.202345528	0.248617587795	1.3960148179	930.435877085
coinc_event:coinc_event_id:10202	sim_inspiral:simulation_id:1243	3.77232633462e-14	13.0622577784	188.513221092	0.428133931984	6.8161107629	900.728530884
coinc_event:coinc_event_id:10148	sim_inspiral:simulation_id:899	3.77232633462e-14	13.5686756419	302.276851908	0.712461125633	148.483413077	958.495041132
coinc_event:coinc_event_id:10184	sim_inspiral:simulation_id:1135	3.77232633462e-14	13.5511242419	911.735177963	0.93446755887	51.3389968842	675.901612997
coinc_event:coinc_event_id:10458	sim_inspiral:simulation_id:3015	3.77232633462e-14	15.8764723869	219.619541818	0.622195827917	26.8982320441	652.713129044
coinc_event:coinc_event_id:10697	sim_inspiral:simulation_id:4463	3.77232633462e-14	14.8588772759	387.740550124	0.749568763544	30.384729185	926.53959012
coinc_event:coinc_event_id:10529	sim_inspiral:simulation_id:3423	3.77232633462e-14	12.248534783	1261.6550582	0.973823024081	45.1904647298	616.180098057
coinc_event:coinc_event_id:10805	sim_inspiral:simulation_id:5131	3.77232633462e-14	13.8372530928	628.722738006	0.847323890041	46.6941058915	655.219612122
coinc_event:coinc_event_id:1087	sim_inspiral:simulation_id:5384	3.77232633462e-14	13.2486921404	279.970000494	0.583663018235	23.390050094	903.890427113
coinc_event:coinc_event_id:11034	sim_inspiral:simulation_id:6694	3.77232633462e-14	14.2579148258	632.604471115	0.855789607383	45.9119940372	923.575241089
coinc_event:coinc_event_id:10899	sim_inspiral:simulation_id:5856	3.77232633462e-14	18.6750042326	310.905839698	0.749101736634	79.8104304735	688.797722101
coinc_event:coinc_event_id:11012	sim_inspiral:simulation_id:6583	3.77232633462e-14	17.2345362218	782.011853926	0.92461190599	8.02944114098	648.020192862
coinc_event:coinc_event_id:11118	sim_inspiral:simulation_id:7327	3.77232633462e-14	14.2706871511	18.5824858635	0.0870446824738	4.15106234254	961.754796982
coinc_event:coinc_event_id:11178	sim_inspiral:simulation_id:7682	3.77232633462e-14	12.7544428409	406.060756724	0.690228986212	170.805456544	682.541461945
coinc_event:coinc_event_id:11298	sim_inspiral:simulation_id:8484	3.77232633462e-14	12.5967069814	88.0733768943	0.262182804237	22.8309010859	695.136294842
coinc_event:coinc_event_id:11366	sim_inspiral:simulation_id:8983	3.77232633462e-14	12.4223828211	405.169007226	0.621772261356	131.651589521	877.345659018
coinc_event:coinc_event_id:11337	sim_inspiral:simulation_id:8817	3.77232633462e-14	24.8518951016	80.8443046768	0.73312473174	0.890942638513	970.051081896
coinc_event:coinc_event_id:11634	sim_inspiral:simulation_id:10740	3.77232633462e-14	13.557917958	367.23031167	0.723466913762	145.08817076	958.649295092
coinc_event:coinc_event_id:11451	sim_inspiral:simulation_id:9572	3.77232633462e-14	33.3078036633	4.19318973525	0.066842188342	0.65822746888	1005.07626295
coinc_event:coinc_event_id:11372	sim_inspiral:simulation_id:9050	3.77232633462e-14	15.2780538682	262.698910951	0.838519656369	51.758957654	1087.07989597
coinc_event:coinc_event_id:11746	sim_inspiral:simulation_id:11391	3.77232633462e-14	13.16663558	200.473155537	0.410753899112	160.026179946	494.187691927
coinc_event:coinc_event_id:11502	sim_inspiral:simulation_id:9836	3.77232633462e-14	15.4522414032	32.1849441994	0.240123429601	12.4063603148	714.401118994
coinc_event:coinc_event_id:11774	sim_inspiral:simulation_id:11560	3.77232633462e-14	12.3662015519	435.514718085	0.602988059318	37.4872184147	635.04220295
coinc_event:coinc_event_id:11851	sim_inspiral:simulation_id:12101	3.77232633462e-14	13.3664831555	16.5498215665	0.065598771791	1.82476454478	878.143109083
coinc_event:coinc_event_id:11929	sim_inspiral:simulation_id:12749	3.77232633462e-14	13.4051170157	334.969962182	0.742888955342	5.84387562407	1007.63116598
coinc_event:coinc_event_id:11718	sim_inspiral:simulation_id:11242	3.77232633462e-14	27.1306299486	95.3188415659	0.552865732237	103.048861124	657.739472866
coinc_event:coinc_event_id:12095	sim_inspiral:simulation_id:13760	3.77232633462e-14	14.6924924801	88.8339867603	0.35793961068	31.1184572385	937.998728991
coinc_event:coinc_event_id:12141	sim_inspiral:simulation_id:14075	3.77232633462e-14	15.8949129872	82.5786263109	0.470618554158	18.7297130256	702.512737989
coinc_event:coinc_event_id:12225	sim_inspiral:simulation_id:14620	3.77232633462e-14	13.6923806813	123.113886582	0.318444133078	158.719134568	920.510699987
coinc_event:coinc_event_id:12613	sim_inspiral:simulation_id:17241	3.77232633462e-14	14.1337891304	74.6971344238	0.333009856044	9.09354802254	1062.45428681
coinc_event:coinc_event_id:11899	sim_inspiral:simulation_id:12489	3.77232633462e-14	19.3067512184	16.6678472354	0.15432804056	13.0107032245	1051.86634088
coinc_event:coinc_event_id:12798	sim_inspiral:simulation_id:18531	3.77232633462e-14	12.6097384337	39.9713598532	0.133952794837	12.5300915967	610.233430147
coinc_event:coinc_event_id:12932	sim_inspiral:simulation_id:19420	3.77232633462e-14	12.0787474056	40.6139440503	0.188004919943	11.9414048601	722.899003983
coinc_event:coinc_event_id:12569	sim_inspiral:simulation_id:16886	3.77232633462e-14	15.9276435099	203.925406351	0.73552957901	28.9468218468	1062.74097204
coinc_event:coinc_event_id:13177	sim_inspiral:simulation_id:21230	3.77232633462e-14	13.2102046455	1.00977516689	0.00396562438982	2.24941206875	988.738023043
coinc_event:coinc_event_id:12696	sim_inspiral:simulation_id:17715	3.77232633462e-14	28.7985770107	55.8064704249	0.64554377029	10.9331887577	742.054054976
coinc_event:coinc_event_id:13413	sim_inspiral:simulation_id:22691	3.77232633462e-14	12.3641587223	60.481598308	0.256857142438	14.1936412416	1056.58870196
coinc_event:coinc_event_id:13017	sim_inspiral:simulation_id:20030	3.77232633462e-14	23.3217322484	71.8481259172	0.536776037723	23.748761019	985.230618
coinc_event:coinc_event_id:13315	sim_inspiral:simulation_id:22053	3.77232633462e-14	20.1372104754	220.137543365	0.870190199197	37.5381375595	712.74298501
coinc_event:coinc_event_id:13343	sim_inspiral:simulation_id:22217	3.77232633462e-14	24.5335833414	35.6240810503	0.496987801042	9.97744633478	912.991934061
coinc_event:coinc_event_id:13817	sim_inspiral:simulation_id:25256	3.77232633462e-14	12.4061708111	975.731318411	0.938102639438	69.5488655508	949.468250036
coinc_event:coinc_event_id:14010	sim_inspiral:simulation_id:26563	3.77232633462e-14	24.7660929833	68.7827370177	0.411742036405	3.23269489354	646.977934122
coinc_event:coinc_event_id:14241	sim_inspiral:simulation_id:28074	3.77232633462e-14	12.8894199353	845.798170962	0.905731132454	5.86724634069	656.001780987
coinc_event:coinc_event_id:14243	sim_inspiral:simulation_id:28127	3.77232633462e-14	13.3750757467	377.393633154	0.783675158218	10.5151415816	665.318894148
coinc_event:coinc_event_id:13630	sim_inspiral:simulation_id:24015	3.77232633462e-14	19.7362108388	557.61555101	0.984848948136	35.7376054108	998.984005928
coinc_event:coinc_event_id:14246	sim_inspiral:simulation_id:28135	3.77232633462e-14	13.3997149987	590.74470056	0.836625514548	129.954612497	883.37394309
coinc_event:coinc_event_id:14263	sim_inspiral:simulation_id:28266	3.77232633462e-14	16.5768200191	28.7720352749	0.126476379137	5.08171191783	956.044173002
coinc_event:coinc_event_id:14323	sim_inspiral:simulation_id:28646	3.77232633462e-14	15.0630355961	646.728209488	0.89989834333	11.5218807376	933.895695925
coinc_event:coinc_event_id:14629	sim_inspiral:simulation_id:30611	3.77232633462e-14	19.0358421003	268.114977755	0.757494983357	156.384721964	552.045541048
coinc_event:coinc_event_id:14631	sim_inspiral:simulation_id:30639	3.77232633462e-14	12.0411477138	90.0929272281	0.275920090517	22.6033035013	677.01456213
coinc_event:coinc_event_id:14729	sim_inspiral:simulation_id:31228	3.77232633462e-14	15.4181258471	17.2448616164	0.0841889411968	10.3043559285	969.39844799
coinc_event:coinc_event_id:14930	sim_inspiral:simulation_id:32484	3.77232633462e-14	16.1795880192	215.803378525	0.493468579061	102.92008424	617.062356949
coinc_event:coinc_event_id:15093	sim_inspiral:simulation_id:33551	3.77232633462e-14	13.8819514941	223.461933037	0.600162967963	14.7029959104	956.647490978
coinc_event:coinc_event_id:14251	sim_inspiral:simulation_id:28191	3.77232633462e-14	15.3605874165	49.6002873375	0.376814441324	4.19895167571	1089.39685392
coinc_event:coinc_event_id:15098	sim_inspiral:simulation_id:33562	3.77232633462e-14	32.3952714155	90.8568155849	0.90727473699	8.25136455429	614.815231085
coinc_event:coinc_event_id:15420	sim_inspiral:simulation_id:35721	3.77232633462e-14	16.1964640139	58.2259966365	0.266213003884	3.5462335553	636.929986
coinc_event:coinc_event_id:15416	sim_inspiral:simulation_id:35686	3.77232633462e-14	20.0244309798	66.0550326708	0.497427812206	19.6779517299	953.088366032
coinc_event:coinc_event_id:15430	sim_inspiral:simulation_id:35775	3.77232633462e-14	12.5954414599	108.255766269	0.319764508236	4.72724401306	672.374242067
coinc_event:coinc_event_id:15448	sim_inspiral:simulation_id:35922	3.77232633462e-14	13.4143197763	279.261846481	0.702424293153	76.1332619238	736.343318939
coinc_event:coinc_event_id:15457	sim_inspiral:simulation_id:35987	3.77232633462e-14	13.2728036125	64.0879381898	0.215384445768	8.90717402296	602.858379841
coinc_event:coinc_event_id:15682	sim_inspiral:simulation_id:37374	3.77232633462e-14	12.7209988584	104.977275467	0.371793129299	18.6160513863	1094.9550879
coinc_event:coinc_event_id:15752	sim_inspiral:simulation_id:37875	3.77232633462e-14	13.7933315573	133.473917515	0.527134156753	23.4894844424	994.211661816
coinc_event:coinc_event_id:13501	sim_inspiral:simulation_id:23119	3.77232633462e-14	30.7450538518	175.109931073	0.965670312616	27.9731500008	1017.39045787
coinc_event:coinc_event_id:15772	sim_inspiral:simulation_id:38032	3.77232633462e-14	19.7443976349	117.802731483	0.484792617815	156.333480274	669.356133223
coinc_event:coinc_event_id:15779	sim_inspiral:simulation_id:38121	3.77232633462e-14	15.5681174188	1008.62113813	0.95110605724	54.6896748608	923.058849096
coinc_event:coinc_event_id:15819	sim_inspiral:simulation_id:38333	3.77232633462e-14	14.7037498275	621.221551052	0.888897499896	42.5003427511	923.807449102
coinc_event:coinc_event_id:15741	sim_inspiral:simulation_id:37767	3.77232633462e-14	15.864297975	27.2147521441	0.174167084497	9.63174905254	929.090023994
coinc_event:coinc_event_id:16018	sim_inspiral:simulation_id:39689	3.77232633462e-14	19.5019021647	162.154155047	0.704969734759	48.6300374618	634.424263954
coinc_event:coinc_event_id:16083	sim_inspiral:simulation_id:40085	3.77232633462e-14	12.5883999305	184.32986683	0.497319671675	29.4213753992	917.98035121
coinc_event:coinc_event_id:16146	sim_inspiral:simulation_id:40554	3.77232633462e-14	15.6770021469	340.045065943	0.691602629231	123.252955012	888.688702106
coinc_event:coinc_event_id:15917	sim_inspiral:simulation_id:38993	3.77232633462e-14	19.3038547656	445.409203325	0.947610451014	54.4945322743	807.779600143
coinc_event:coinc_event_id:16009	sim_inspiral:simulation_id:39607	3.77232633462e-14	23.0558777106	51.9935856227	0.428659240195	59.1069377568	750.129189968
coinc_event:coinc_event_id:16216	sim_inspiral:simulation_id:41013	3.77232633462e-14	12.7340824006	32.5488566783	0.178936467048	4.29890469588	1059.18620491
coinc_event:coinc_event_id:16403	sim_inspiral:simulation_id:42302	3.77232633462e-14	17.7512540098	30.2932550068	0.181596170187	0.721369617486	686.233321905
coinc_event:coinc_event_id:16413	sim_inspiral:simulation_id:42385	3.77232633462e-14	12.5514383403	848.342279824	0.855221567999	49.1894981443	904.650648117
coinc_event:coinc_event_id:15391	sim_inspiral:simulation_id:35509	3.77232633462e-14	76.2791017556	0.840113267912	0.196402120375	1.41698977547	1166.99466705
coinc_event:coinc_event_id:16443	sim_inspiral:simulation_id:42619	3.77232633462e-14	15.0811789934	126.615314758	0.472764588139	41.1254263782	1002.48734498
coinc_event:coinc_event_id:16497	sim_inspiral:simulation_id:42965	3.77232633462e-14	13.7916742961	108.163968527	0.377556334548	26.4074890764	625.978458881
coinc_event:coinc_event_id:16503	sim_inspiral:simulation_id:42996	3.77232633462e-14	12.405016238	186.04779601	0.349297464672	157.068767031	656.021570206
coinc_event:coinc_event_id:16666	sim_inspiral:simulation_id:43986	3.77232633462e-14	12.7015568012	132.070723452	0.332081765207	48.6723042657	665.489183187
coinc_event:coinc_event_id:17096	sim_inspiral:simulation_id:46688	3.77232633462e-14	13.8868183012	156.213529715	0.524171978985	41.3185017875	1043.16535378
coinc_event:coinc_event_id:17120	sim_inspiral:simulation_id:46850	3.77232633462e-14	15.4896862975	142.509438164	0.354581124118	18.5858846397	890.525465012
coinc_event:coinc_event_id:17172	sim_inspiral:simulation_id:47252	3.77232633462e-14	16.1571723699	298.001699903	0.638431759471	96.2816901287	915.435799122
coinc_event:coinc_event_id:17205	sim_inspiral:simulation_id:47440	3.77232633462e-14	13.5294059175	34.306127748	0.112179670639	1.50089535768	631.322404146
coinc_event:coinc_event_id:16566	sim_inspiral:simulation_id:43323	3.77232633462e-14	17.6524447564	290.533297857	0.885840926104	14.1328171653	1047.85117292
coinc_event:coinc_event_id:17371	sim_inspiral:simulation_id:48448	3.77232633462e-14	14.1038733338	1297.08898678	0.982630026411	109.347927571	973.639786005
coinc_event:coinc_event_id:16889	sim_inspiral:simulation_id:45394	3.77232633462e-14	19.1848132239	430.675665662	0.964781684196	2.61535100196	1064.34611893
coinc_event:coinc_event_id:17476	sim_inspiral:simulation_id:239	3.77232633462e-14	15.6086883709	369.446571451	0.716099537571	128.926716858	944.793836832
coinc_event:coinc_event_id:17404	sim_inspiral:simulation_id:48653	3.77232633462e-14	12.1251901026	44.849754166	0.122576868151	11.7236072165	875.912922859
coinc_event:coinc_event_id:17539	sim_inspiral:simulation_id:628	3.77232633462e-14	12.1323365593	327.573686933	0.501240531439	32.6628546346	666.968048096
coinc_event:coinc_event_id:17338	sim_inspiral:simulation_id:48272	3.77232633462e-14	34.1183436158	2.52771640804	0.0761402292483	4.87661687302	1000.21785784
coinc_event:coinc_event_id:17581	sim_inspiral:simulation_id:866	3.77232633462e-14	12.918480143	33.9651647046	0.137884275715	3.55659951753	877.838086128
coinc_event:coinc_event_id:17819	sim_inspiral:simulation_id:2586	3.77232633462e-14	13.162229611	55.3146968047	0.115760712935	12.8073099095	620.914373159
coinc_event:coinc_event_id:17868	sim_inspiral:simulation_id:3070	3.77232633462e-14	20.9599011446	121.159906064	0.612534510841	10.2514177564	529.502712011
coinc_event:coinc_event_id:17906	sim_inspiral:simulation_id:3492	3.77232633462e-14	13.1680012211	193.627666743	0.455405435614	170.203064493	640.035712957
coinc_event:coinc_event_id:17958	sim_inspiral:simulation_id:3883	3.77232633462e-14	12.107885724	548.203003918	0.874173255826	30.9241065293	1009.63782597
coinc_event:coinc_event_id:18007	sim_inspiral:simulation_id:4229	3.77232633462e-14	13.7319747662	211.842961637	0.542598506636	14.4483143452	667.268264055
coinc_event:coinc_event_id:17586	sim_inspiral:simulation_id:883	3.77232633462e-14	27.2473031533	17.566153715	0.287919340484	9.19505638735	708.631893158
coinc_event:coinc_event_id:18054	sim_inspiral:simulation_id:4541	3.77232633462e-14	17.6216043595	11.7369970697	0.0755792041746	6.06600349846	657.966336012
coinc_event:coinc_event_id:18130	sim_inspiral:simulation_id:5115	3.77232633462e-14	12.5890774412	525.620759277	0.676753989685	132.939750285	631.055147171
coinc_event:coinc_event_id:18268	sim_inspiral:simulation_id:6084	3.77232633462e-14	16.2170158085	63.2224166182	0.27013476325	55.6400338451	680.513650179
coinc_event:coinc_event_id:18280	sim_inspiral:simulation_id:6160	3.77232633462e-14	13.2362423399	565.710144799	0.774626645216	116.012350049	885.350344896
coinc_event:coinc_event_id:18300	sim_inspiral:simulation_id:6327	3.77232633462e-14	12.2638085676	115.717611333	0.454576670407	21.2030064374	759.155950069
coinc_event:coinc_event_id:17944	sim_inspiral:simulation_id:3768	3.77232633462e-14	20.0348880348	22.6969918195	0.507611325633	3.0563092999	936.187381983
coinc_event:coinc_event_id:18341	sim_inspiral:simulation_id:6617	3.77232633462e-14	17.3641068394	62.6585162003	0.394937177931	12.4955923332	932.586408138
coinc_event:coinc_event_id:18374	sim_inspiral:simulation_id:6873	3.77232633462e-14	14.0378673407	97.2892145377	0.774350152969	7.4806200519	757.578645945
coinc_event:coinc_event_id:18376	sim_inspiral:simulation_id:6920	3.77232633462e-14	19.4601755237	11.8746936834	0.1353615261	8.0899517734	672.458387136
coinc_event:coinc_event_id:18495	sim_inspiral:simulation_id:7702	3.77232633462e-14	16.128196015	74.8020461294	0.254858037846	65.8198812108	647.049834013
coinc_event:coinc_event_id:18443	sim_inspiral:simulation_id:7426	3.77232633462e-14	20.3669727434	116.606082341	0.643550063556	12.3646664425	745.285614014
coinc_event:coinc_event_id:18558	sim_inspiral:simulation_id:8192	3.77232633462e-14	14.2890615036	126.248123788	0.388772510558	31.6378141246	925.151555061
coinc_event:coinc_event_id:18660	sim_inspiral:simulation_id:8845	3.77232633462e-14	13.2778283148	78.1461067471	0.321787234683	7.46118780106	706.109695911
coinc_event:coinc_event_id:18591	sim_inspiral:simulation_id:8384	3.77232633462e-14	12.773564263	52.3640550833	0.226511519573	11.0433885286	940.531785965
coinc_event:coinc_event_id:18674	sim_inspiral:simulation_id:8996	3.77232633462e-14	15.360013063	194.729239652	0.710508781993	18.9960819974	1025.13369799
coinc_event:coinc_event_id:18704	sim_inspiral:simulation_id:9219	3.77232633462e-14	17.4415618515	12.4320371197	0.0919223083765	4.48069635738	931.332583904
coinc_event:coinc_event_id:18715	sim_inspiral:simulation_id:9275	3.77232633462e-14	14.4172679406	129.329905142	0.5716253762	18.1887537978	716.332222939
coinc_event:coinc_event_id:18727	sim_inspiral:simulation_id:9338	3.77232633462e-14	12.0949718654	37.2174275798	0.110057910282	11.387284389	630.538052082
coinc_event:coinc_event_id:18869	sim_inspiral:simulation_id:10293	3.77232633462e-14	12.5660244515	61.4782595117	0.272201794174	19.7099639638	970.218049049
coinc_event:coinc_event_id:18951	sim_inspiral:simulation_id:10807	3.77232633462e-14	14.9977883003	127.520178219	0.434129872378	161.13894964	904.411355019
coinc_event:coinc_event_id:18987	sim_inspiral:simulation_id:11078	3.77232633462e-14	13.9446221385	33.1914408755	0.205066899311	11.8804055562	957.702450037
coinc_event:coinc_event_id:18786	sim_inspiral:simulation_id:9780	3.77232633462e-14	24.7258440012	59.7701658041	0.530781453188	20.0728542043	709.266704082
coinc_event:coinc_event_id:18736	sim_inspiral:simulation_id:9417	3.77232633462e-14	18.7274450622	6.97990691662	0.0829656975402	1.7453430424	819.777071953
coinc_event:coinc_event_id:19002	sim_inspiral:simulation_id:11205	3.77232633462e-14	13.2093997897	693.68931173	0.870687894443	134.703793581	633.746948957
coinc_event:coinc_event_id:19048	sim_inspiral:simulation_id:11567	3.77232633462e-14	12.4991841415	14.8187784233	0.0812414472457	5.57600711906	658.748659849
coinc_event:coinc_event_id:19097	sim_inspiral:simulation_id:11935	3.77232633462e-14	15.0551194606	208.74806632	0.661676858515	29.9659284467	968.067339897
coinc_event:coinc_event_id:19153	sim_inspiral:simulation_id:12270	3.77232633462e-14	19.6065965669	49.4789831778	0.304443311295	3.11358907737	609.221276999
coinc_event:coinc_event_id:19180	sim_inspiral:simulation_id:12448	3.77232633462e-14	16.546448849	44.3514235641	0.141990797641	28.2535796587	503.818951845
coinc_event:coinc_event_id:19196	sim_inspiral:simulation_id:12596	3.77232633462e-14	15.7917957652	46.0300108545	0.271748806328	8.00083070732	715.533340931
coinc_event:coinc_event_id:19201	sim_inspiral:simulation_id:12623	3.77232633462e-14	13.3428439632	140.424318014	0.547599377329	26.6047077289	718.26255393
coinc_event:coinc_event_id:19215	sim_inspiral:simulation_id:12776	3.77232633462e-14	16.583243078	18.5169160475	0.102005887456	11.9495948114	515.05142498
coinc_event:coinc_event_id:19249	sim_inspiral:simulation_id:12992	3.77232633462e-14	13.1336145528	36.2076524129	0.207834291192	7.15309259268	654.913356066
coinc_event:coinc_event_id:19394	sim_inspiral:simulation_id:14121	3.77232633462e-14	13.7721234795	484.823219742	0.791488830085	49.0568725364	920.685823917
coinc_event:coinc_event_id:19464	sim_inspiral:simulation_id:14716	3.77232633462e-14	14.0556523753	144.502760572	0.592965662649	10.2401136631	751.68149209
coinc_event:coinc_event_id:19254	sim_inspiral:simulation_id:13026	3.77232633462e-14	27.5867523991	23.4838296119	0.301672418089	4.67959041752	1009.79657388
coinc_event:coinc_event_id:19296	sim_inspiral:simulation_id:13363	3.77232633462e-14	24.3242277216	11.0517924922	0.280222786168	4.19877033644	1043.95949101
coinc_event:coinc_event_id:19558	sim_inspiral:simulation_id:15372	3.77232633462e-14	14.6332886442	149.748345854	0.372234489643	162.330906872	913.084502935
coinc_event:coinc_event_id:19590	sim_inspiral:simulation_id:15571	3.77232633462e-14	17.2909411153	187.450990073	0.464872515364	172.308769771	653.853236914
coinc_event:coinc_event_id:19474	sim_inspiral:simulation_id:14755	3.77232633462e-14	22.9353328596	704.088684553	0.994680450801	46.4423071275	787.960417986
coinc_event:coinc_event_id:19516	sim_inspiral:simulation_id:15060	3.77232633462e-14	21.3713769217	89.3224818898	0.698718706996	20.2387413661	678.780045986
coinc_event:coinc_event_id:19660	sim_inspiral:simulation_id:16047	3.77232633462e-14	14.9905280432	897.598325627	0.920620468044	73.3037016432	886.674496889
coinc_event:coinc_event_id:19797	sim_inspiral:simulation_id:17112	3.77232633462e-14	12.4857801778	7.69789640217	0.0271775943511	7.88654697222	983.474040031
coinc_event:coinc_event_id:19892	sim_inspiral:simulation_id:17754	3.77232633462e-14	12.4075260818	273.019599995	0.570201768818	25.3577510768	705.6220119
coinc_event:coinc_event_id:19876	sim_inspiral:simulation_id:17648	3.77232633462e-14	13.1960966203	430.046195428	0.649823518248	115.453691462	600.375363111
coinc_event:coinc_event_id:19962	sim_inspiral:simulation_id:18255	3.77232633462e-14	15.2290988389	486.3706674	0.759309509216	62.0085931081	634.500246048
coinc_event:coinc_event_id:18878	sim_inspiral:simulation_id:10350	3.77232633462e-14	28.8684703962	0.538492114164	0.0952779602376	0.287074049456	1100.39780498
coinc_event:coinc_event_id:20000	sim_inspiral:simulation_id:18562	3.77232633462e-14	12.7205988796	1845.63295375	0.991483079172	81.3986741859	662.822548866
coinc_event:coinc_event_id:20162	sim_inspiral:simulation_id:19708	3.77232633462e-14	16.2573308399	451.19901808	0.82325412211	119.250103674	649.500925064
coinc_event:coinc_event_id:20254	sim_inspiral:simulation_id:20365	3.77232633462e-14	12.8179087126	17.087494058	0.0614887179581	10.8165695736	647.514276981
coinc_event:coinc_event_id:20275	sim_inspiral:simulation_id:20510	3.77232633462e-14	15.5186785946	223.88157986	0.542649862931	40.6798980338	633.802438021
coinc_event:coinc_event_id:20342	sim_inspiral:simulation_id:21002	3.77232633462e-14	12.6532326826	16.8907846099	0.101066578507	6.75692584699	681.932972193
coinc_event:coinc_event_id:20008	sim_inspiral:simulation_id:18637	3.77232633462e-14	32.2731208643	4.22269615247	0.148792572625	4.10598650596	684.729416132
coinc_event:coinc_event_id:20355	sim_inspiral:simulation_id:21122	3.77232633462e-14	15.1935854612	33.2438967283	0.155986736499	10.0356793063	695.633919954
coinc_event:coinc_event_id:20497	sim_inspiral:simulation_id:22164	3.77232633462e-14	13.0858467256	186.467442832	0.446594374582	30.4168087838	915.435585022
coinc_event:coinc_event_id:20508	sim_inspiral:simulation_id:22256	3.77232633462e-14	14.233988815	660.261819517	0.848865482751	65.2759361568	718.065402031
coinc_event:coinc_event_id:20559	sim_inspiral:simulation_id:22575	3.77232633462e-14	16.13374785	361.919156571	0.688105645924	21.9999537908	504.720268965
coinc_event:coinc_event_id:20588	sim_inspiral:simulation_id:22730	3.77232633462e-14	16.5548379426	159.255969179	0.561593216538	81.0593361071	986.60830307
coinc_event:coinc_event_id:20172	sim_inspiral:simulation_id:19772	3.77232633462e-14	16.1310095567	42.4400634268	0.304577768306	8.70006446931	1056.52926517
coinc_event:coinc_event_id:20695	sim_inspiral:simulation_id:23433	3.77232633462e-14	13.1043163311	380.200021281	0.631911786619	162.174849211	964.467046976
coinc_event:coinc_event_id:20933	sim_inspiral:simulation_id:25204	3.77232633462e-14	15.3108305254	27.9589695561	0.172274277618	14.4647339851	708.150806904
coinc_event:coinc_event_id:20944	sim_inspiral:simulation_id:25274	3.77232633462e-14	23.0799958486	101.410277475	0.50774534883	17.9946646655	675.782411098
coinc_event:coinc_event_id:20951	sim_inspiral:simulation_id:25328	3.77232633462e-14	13.0259947859	18.1890669673	0.0951444210659	9.76401737861	937.702582121
coinc_event:coinc_event_id:20992	sim_inspiral:simulation_id:25662	3.77232633462e-14	15.5299342177	734.840928272	0.907377053709	79.075498523	655.536229134
coinc_event:coinc_event_id:21029	sim_inspiral:simulation_id:25979	3.77232633462e-14	16.0585795422	231.828641563	0.650586135842	158.84705608	966.109360933
coinc_event:coinc_event_id:21055	sim_inspiral:simulation_id:26210	3.77232633462e-14	12.7177090976	169.012757804	0.53448863262	15.5096170429	689.621023893
coinc_event:coinc_event_id:21091	sim_inspiral:simulation_id:26465	3.77232633462e-14	17.2431395516	121.933629893	0.341534600651	168.057342496	894.860573053
coinc_event:coinc_event_id:21174	sim_inspiral:simulation_id:27058	3.77232633462e-14	16.0660061714	110.839217021	0.544337399504	8.60671087481	989.411979914
coinc_event:coinc_event_id:21203	sim_inspiral:simulation_id:27235	3.77232633462e-14	14.7701949227	23.5264499923	0.129864561088	8.02809998432	939.001395941
coinc_event:coinc_event_id:21262	sim_inspiral:simulation_id:27546	3.77232633462e-14	12.0318863318	512.677277592	0.76482741991	37.5705228652	933.183984995
coinc_event:coinc_event_id:21324	sim_inspiral:simulation_id:28044	3.77232633462e-14	14.2730959861	655.12114594	0.905974475274	25.6463014439	994.937342882
coinc_event:coinc_event_id:20981	sim_inspiral:simulation_id:25572	3.77232633462e-14	38.4567540264	149.623763204	0.912072285159	5.8161911801	957.847995043
coinc_event:coinc_event_id:21430	sim_inspiral:simulation_id:28731	3.77232633462e-14	13.9165277969	269.767337119	0.567605874216	168.811811944	496.351464033
coinc_event:coinc_event_id:21486	sim_inspiral:simulation_id:29142	3.77232633462e-14	13.2278892883	20.0905916322	0.0610823590796	168.090249163	880.756206989
coinc_event:coinc_event_id:21489	sim_inspiral:simulation_id:29158	3.77232633462e-14	30.7796951445	30.7063448478	0.386726880748	1.57495194958	929.542941809
coinc_event:coinc_event_id:21441	sim_inspiral:simulation_id:28828	3.77232633462e-14	20.1881116835	234.510447039	0.890526016354	15.983901595	733.727918863
coinc_event:coinc_event_id:21557	sim_inspiral:simulation_id:29637	3.77232633462e-14	21.2747255335	59.9963816694	0.623348617231	19.486815016	940.998970032
coinc_event:coinc_event_id:21678	sim_inspiral:simulation_id:30555	3.77232633462e-14	18.467554879	3.4752002497	0.0264425387068	3.638114952	958.216834068
coinc_event:coinc_event_id:21644	sim_inspiral:simulation_id:30289	3.77232633462e-14	21.3153963674	95.3385125107	0.67012054969	23.0291409399	629.556463957
coinc_event:coinc_event_id:21719	sim_inspiral:simulation_id:30827	3.77232633462e-14	15.0904633993	379.662348789	0.849282601654	19.3773325586	932.588237047
coinc_event:coinc_event_id:21735	sim_inspiral:simulation_id:30930	3.77232633462e-14	14.3815321893	357.486637007	0.773830005735	14.9836844614	979.983398914
coinc_event:coinc_event_id:21853	sim_inspiral:simulation_id:31711	3.77232633462e-14	13.9013014694	207.738291153	0.644759487097	42.8570365766	654.894226789
coinc_event:coinc_event_id:21903	sim_inspiral:simulation_id:32040	3.77232633462e-14	12.880778151	266.397048575	0.451881355864	74.9282334569	958.332612038
coinc_event:coinc_event_id:21668	sim_inspiral:simulation_id:30493	3.77232633462e-14	22.3333449519	3.91779650792	0.0586094821265	3.70633547293	1002.93456197
coinc_event:coinc_event_id:21908	sim_inspiral:simulation_id:32058	3.77232633462e-14	12.3650445419	529.935253172	0.783237484731	148.201119406	916.632946968
coinc_event:coinc_event_id:22188	sim_inspiral:simulation_id:34378	3.77232633462e-14	12.7115892933	91.3125258063	0.315577007961	12.8276522362	1063.72625208
coinc_event:coinc_event_id:22333	sim_inspiral:simulation_id:35440	3.77232633462e-14	14.4199682421	255.57802893	0.561911714227	45.7987650174	675.97426486
coinc_event:coinc_event_id:22387	sim_inspiral:simulation_id:35787	3.77232633462e-14	13.9821658864	69.4515491412	0.361846731426	14.842809019	556.521966934
coinc_event:coinc_event_id:22398	sim_inspiral:simulation_id:35830	3.77232633462e-14	12.4245676568	8.60275986341	0.0466103120343	5.33186166948	1018.28690696
coinc_event:coinc_event_id:22111	sim_inspiral:simulation_id:33774	3.77232633462e-14	28.143254914	22.3134083957	0.274146122854	49.7333464186	969.314965963
coinc_event:coinc_event_id:22087	sim_inspiral:simulation_id:33600	3.77232633462e-14	20.222049935	320.747869084	0.960667982469	10.4695548199	1152.16089201
coinc_event:coinc_event_id:22434	sim_inspiral:simulation_id:36075	3.77232633462e-14	15.0625104034	22.9232076848	0.143364358046	13.1366959121	676.981431961
coinc_event:coinc_event_id:22566	sim_inspiral:simulation_id:37123	3.77232633462e-14	12.0762629406	116.819184243	0.176918401499	0.903732230791	873.001101971
coinc_event:coinc_event_id:22547	sim_inspiral:simulation_id:36940	3.77232633462e-14	12.5041549091	319.718422973	0.528438988193	130.98558014	606.885725975
coinc_event:coinc_event_id:22537	sim_inspiral:simulation_id:36870	3.77232633462e-14	15.4886191557	164.527782388	0.516526833631	32.7615629993	638.815810919
coinc_event:coinc_event_id:22723	sim_inspiral:simulation_id:38377	3.77232633462e-14	13.3635392675	141.302953549	0.374707175602	29.7802235187	634.077555895
coinc_event:coinc_event_id:22823	sim_inspiral:simulation_id:39167	3.77232633462e-14	17.110710733	18.5169160475	0.0782983600584	60.6533910446	923.875950813
coinc_event:coinc_event_id:22861	sim_inspiral:simulation_id:39392	3.77232633462e-14	14.3532184415	707.931075772	0.90202285199	27.934356909	647.008867979
coinc_event:coinc_event_id:22944	sim_inspiral:simulation_id:40041	3.77232633462e-14	14.0448110896	463.329434046	0.904605691915	28.8896820335	724.371822834
coinc_event:coinc_event_id:22415	sim_inspiral:simulation_id:35928	3.77232633462e-14	24.7801064168	267.534684883	0.888763591506	23.7130767359	523.546525002
coinc_event:coinc_event_id:22976	sim_inspiral:simulation_id:40312	3.77232633462e-14	12.4424447036	0.931091387656	0.00555199199152	2.12937212211	690.64973712
coinc_event:coinc_event_id:23127	sim_inspiral:simulation_id:41430	3.77232633462e-14	14.4726288251	333.527426229	0.622788931565	37.7005323323	737.4782269
coinc_event:coinc_event_id:23266	sim_inspiral:simulation_id:42354	3.77232633462e-14	12.6002382121	17.087494058	0.111088669139	5.30689086554	664.005339861
coinc_event:coinc_event_id:23430	sim_inspiral:simulation_id:43533	3.77232633462e-14	13.4897221302	515.627919313	0.777532591758	55.2907670284	619.813243866
coinc_event:coinc_event_id:23463	sim_inspiral:simulation_id:43761	3.77232633462e-14	12.8036230333	14.1499662997	0.0727430197221	9.1250328928	670.613870859
coinc_event:coinc_event_id:23556	sim_inspiral:simulation_id:44407	3.77232633462e-14	20.2738379478	194.440732462	0.636998694052	132.771195134	661.602148056
coinc_event:coinc_event_id:23639	sim_inspiral:simulation_id:44975	3.77232633462e-14	12.8286509375	144.948635321	0.469037810621	10.9343146549	521.828204155
coinc_event:coinc_event_id:23669	sim_inspiral:simulation_id:45243	3.77232633462e-14	14.3648340928	40.0500436324	0.248111267458	15.6405548618	964.95413518
coinc_event:coinc_event_id:23723	sim_inspiral:simulation_id:45580	3.77232633462e-14	14.6245113353	22.6215865311	0.148882640206	3.56389723023	654.65329504
coinc_event:coinc_event_id:23085	sim_inspiral:simulation_id:41117	3.77232633462e-14	24.9224833515	22.1888257453	0.365113668206	1.52938787221	1046.99545097
coinc_event:coinc_event_id:23739	sim_inspiral:simulation_id:45696	3.77232633462e-14	14.1823227989	310.958295551	0.823112417555	49.6404185451	1031.15813088
coinc_event:coinc_event_id:23881	sim_inspiral:simulation_id:46618	3.77232633462e-14	12.6426929165	125.199006732	0.402344170776	28.0690901159	630.28097105
coinc_event:coinc_event_id:23942	sim_inspiral:simulation_id:47093	3.77232633462e-14	17.0520638579	106.7476605	0.513895726435	12.4418348087	683.611021042
coinc_event:coinc_event_id:23974	sim_inspiral:simulation_id:47407	3.77232633462e-14	17.9682751584	23.185486949	0.173794820563	12.5251787174	989.668203831
coinc_event:coinc_event_id:24018	sim_inspiral:simulation_id:47793	3.77232633462e-14	14.3681202086	110.563823793	0.402405187377	19.8660917965	586.820311069
coinc_event:coinc_event_id:24168	sim_inspiral:simulation_id:32	3.77232633462e-14	14.7496498942	206.977681287	0.578956568812	28.4117322468	936.329385996
coinc_event:coinc_event_id:24232	sim_inspiral:simulation_id:556	3.77232633462e-14	15.2545614754	87.863553483	0.2195003455	24.0770764482	946.791175127
coinc_event:coinc_event_id:24615	sim_inspiral:simulation_id:4212	3.77232633462e-14	13.0044954114	201.089511807	0.41165053521	11.5638121693	685.836863041
coinc_event:coinc_event_id:24736	sim_inspiral:simulation_id:5438	3.77232633462e-14	13.9852731085	253.466680854	0.681130428293	39.515562729	679.625545979
coinc_event:coinc_event_id:24838	sim_inspiral:simulation_id:6382	3.77232633462e-14	17.4967478001	391.543599454	0.781334949375	20.9932849293	1082.39874792
coinc_event:coinc_event_id:23899	sim_inspiral:simulation_id:46759	3.77232633462e-14	18.9151283154	96.1876416283	0.656175051107	2.31505474053	907.060943127
coinc_event:coinc_event_id:24888	sim_inspiral:simulation_id:6806	3.77232633462e-14	12.3741604817	24.6935927177	0.0903210630349	0.613936683419	936.50206089
coinc_event:coinc_event_id:25665	sim_inspiral:simulation_id:14226	3.77232633462e-14	12.9471830904	95.8761850022	0.316684275778	7.53592058389	1025.37680984
coinc_event:coinc_event_id:24578	sim_inspiral:simulation_id:3839	3.77232633462e-14	21.0286100106	413.116068929	0.973346120186	35.1264280948	1007.13569593
coinc_event:coinc_event_id:25825	sim_inspiral:simulation_id:15727	3.77232633462e-14	12.6326386893	910.764744686	0.914391294842	63.4026319332	719.046931982
coinc_event:coinc_event_id:25846	sim_inspiral:simulation_id:15910	3.77232633462e-14	15.6070164774	130.58884561	0.508931459699	27.4132581387	953.408150911
coinc_event:coinc_event_id:25926	sim_inspiral:simulation_id:16737	3.77232633462e-14	13.7756947373	73.4906498088	0.219282651404	5.65540078727	976.366106987
coinc_event:coinc_event_id:25947	sim_inspiral:simulation_id:16934	3.77232633462e-14	12.1245677561	333.44874245	0.706695866942	32.7972423897	727.201025009
coinc_event:coinc_event_id:25088	sim_inspiral:simulation_id:8687	3.77232633462e-14	19.1745747171	84.7555442031	0.486372564883	84.8264525422	958.17948103
coinc_event:coinc_event_id:26108	sim_inspiral:simulation_id:18489	3.77232633462e-14	14.1231016183	280.40276128	0.575051051987	30.6002013846	919.900213003
coinc_event:coinc_event_id:24965	sim_inspiral:simulation_id:7564	3.77232633462e-14	21.2891660773	194.955455518	0.857892119755	38.5095104069	1050.33482599
coinc_event:coinc_event_id:26455	sim_inspiral:simulation_id:21711	3.77232633462e-14	13.7523464408	153.957928043	0.556074813783	7.41547481971	718.464833975
coinc_event:coinc_event_id:26802	sim_inspiral:simulation_id:25093	3.77232633462e-14	17.1170873967	150.102422861	0.52284788209	12.5072446997	951.596491098
coinc_event:coinc_event_id:26489	sim_inspiral:simulation_id:21978	3.77232633462e-14	18.579644167	289.189116628	0.768182230571	144.886217573	668.584949017
coinc_event:coinc_event_id:26882	sim_inspiral:simulation_id:25803	3.77232633462e-14	12.0808514843	162.154155047	0.435662373593	26.9479237852	915.985675097
coinc_event:coinc_event_id:27371	sim_inspiral:simulation_id:30421	3.77232633462e-14	12.0069878652	448.025438984	0.579383673406	92.7863471414	616.330765009
coinc_event:coinc_event_id:26870	sim_inspiral:simulation_id:25696	3.77232633462e-14	22.6972617111	7.56347827931	0.12737493448	6.73175079616	985.355253935
coinc_event:coinc_event_id:27786	sim_inspiral:simulation_id:34401	3.77232633462e-14	14.0139687178	47.1709256535	0.25578625737	6.38058491942	979.606583118
coinc_event:coinc_event_id:27908	sim_inspiral:simulation_id:35647	3.77232633462e-14	14.0463796254	320.072499979	0.614279465478	134.900999951	499.508320093
coinc_event:coinc_event_id:27937	sim_inspiral:simulation_id:35980	3.77232633462e-14	13.9036268017	38.5943937165	0.290010006807	3.4847186457	606.232394934
coinc_event:coinc_event_id:27344	sim_inspiral:simulation_id:30241	3.77232633462e-14	29.4505708588	15.2974380803	0.172750156937	8.38383583422	643.001863956
coinc_event:coinc_event_id:27234	sim_inspiral:simulation_id:29273	3.77232633462e-14	25.2588682003	4.78987506115	0.0605220438119	3.30971304328	1070.58356905
coinc_event:coinc_event_id:28281	sim_inspiral:simulation_id:39009	3.77232633462e-14	12.9612253028	106.682090684	0.351484939405	4.22662019156	721.173729897
coinc_event:coinc_event_id:28083	sim_inspiral:simulation_id:37210	3.77232633462e-14	12.0864538212	52.665676237	0.140466730569	23.4443776802	992.487722874
coinc_event:coinc_event_id:28553	sim_inspiral:simulation_id:41627	3.77232633462e-14	13.6672323808	15.9596932222	0.123298939019	2.59089935141	1125.50277615
coinc_event:coinc_event_id:28586	sim_inspiral:simulation_id:41954	3.77232633462e-14	12.8885650943	171.845373857	0.38240374899	15.1644250418	508.695006132
coinc_event:coinc_event_id:28823	sim_inspiral:simulation_id:44101	3.77232633462e-14	16.0573949057	73.0185471334	0.356338914593	5.7913484796	1090.96742511
coinc_event:coinc_event_id:28840	sim_inspiral:simulation_id:44242	3.77232633462e-14	12.0022350098	678.306632889	0.801005055175	124.772294065	1008.19686913
coinc_event:coinc_event_id:28563	sim_inspiral:simulation_id:41748	3.77232633462e-14	17.2613749478	9.74367466237	0.0898787831029	1.17226056379	807.603646994
coinc_event:coinc_event_id:28683	sim_inspiral:simulation_id:42746	3.77232633462e-14	33.2978125653	33.7094424221	0.491355044684	21.9182785208	973.28539896
coinc_event:coinc_event_id:29304	sim_inspiral:simulation_id:48540	3.77232633462e-14	14.6946643817	1254.83579733	0.973181228253	99.8910580173	632.198947906
coinc_event:coinc_event_id:28861	sim_inspiral:simulation_id:44399	3.77232633462e-14	23.5531403036	214.173968597	0.875607658672	71.4947640833	1008.29983902
coinc_event:coinc_event_id:29157	sim_inspiral:simulation_id:47239	3.77232633462e-14	30.3227792508	79.8738713995	0.781853324283	20.3553813376	1043.11848497
